{2014/04/17 18:56:33} [Info] PagSeguroPaymentService.Register(PagSeguroPaymentRequest: array (
  'Reference' => '#050',
  'SenderEmail' => 'dell@dell.com',
)) - begin 
{2014/04/17 18:56:52} [Info] PagSeguroPaymentService.Register(PagSeguroPaymentRequest: array (
  'Reference' => '#050',
  'SenderEmail' => 'dell@dell.com',
)) - end {1}47C4A3451C1C3D7DD41F2FB76F72D4A2 
{2014/04/17 19:00:47} [Info] PagSeguroPaymentService.Register(PagSeguroPaymentRequest: array (
  'Reference' => '#051_052',
  'SenderEmail' => 'dell@dell.com',
)) - begin 
{2014/04/17 19:00:50} [Info] PagSeguroPaymentService.Register(PagSeguroPaymentRequest: array (
  'Reference' => '#051_052',
  'SenderEmail' => 'dell@dell.com',
)) - end {1}E961DE824444983554047F9A53E2C8A3 
{2014/04/18 14:58:25} [Info] PagSeguroPaymentService.Register(PagSeguroPaymentRequest: array (
  'Reference' => '#053_054_055',
  'SenderEmail' => 'simondelarocha@yahoo.com.br',
)) - begin 
{2014/04/18 14:58:37} [Info] PagSeguroPaymentService.Register(PagSeguroPaymentRequest: array (
  'Reference' => '#053_054_055',
  'SenderEmail' => 'simondelarocha@yahoo.com.br',
)) - end {1}75F8054AAAAABE7BB4D99FAD30BAFCE3 
{2014/09/26 23:41:30} [Info] PagSeguroPaymentService.Register(PagSeguroPaymentRequest: array (
  'Reference' => '#056',
  'SenderEmail' => 'georgegilson@gmail.com',
)) - begin 
{2014/09/26 23:43:51} [Info] PagSeguroPaymentService.Register(PagSeguroPaymentRequest: array (
  'Reference' => '#057',
  'SenderEmail' => 'georgegilson@gmail.com',
)) - begin 
{2014/09/26 23:44:54} [Info] PagSeguroPaymentService.Register(PagSeguroPaymentRequest: array (
  'Reference' => '#058',
  'SenderEmail' => 'georgegilson@gmail.com',
)) - begin 
{2014/09/26 23:46:30} [Info] PagSeguroPaymentService.Register(PagSeguroPaymentRequest: array (
  'Reference' => '#059',
  'SenderEmail' => 'georgegilson@gmail.com',
)) - begin 
{2014/09/26 23:46:32} [Info] PagSeguroPaymentService.Register(PagSeguroPaymentRequest: array (
  'Reference' => '#059',
  'SenderEmail' => 'georgegilson@gmail.com',
)) - end {1}33E55F6FFDFD25388427DF89B378E416 
{2014/10/03 21:58:47} [Info] PagSeguroPaymentService.Register(PagSeguroPaymentRequest: array (
  'Reference' => '#060',
  'SenderEmail' => 'georgegilson@gmail.com',
)) - begin 
{2014/10/03 21:58:48} [Info] PagSeguroPaymentService.Register(PagSeguroPaymentRequest: array (
  'Reference' => '#060',
  'SenderEmail' => 'georgegilson@gmail.com',
)) - end {1}9D5268833131A4FDD4D89F88F78096B9 
{2014/10/03 23:42:34} [Info] PagSeguroPaymentService.Register(PagSeguroPaymentRequest: array (
  'Reference' => '#061',
  'SenderEmail' => 'georgegilson@gmail.com',
)) - begin 
{2014/10/03 23:42:36} [Info] PagSeguroPaymentService.Register(PagSeguroPaymentRequest: array (
  'Reference' => '#061',
  'SenderEmail' => 'georgegilson@gmail.com',
)) - end {1}A3714F046464E29EE41CFFAB0CCA73EB 
